Analysis & Synthesis report for Part2
Wed Feb 14 17:17:44 2018
Quartus Prime Version 17.0.0 Build 595 04/25/2017 SJ Lite Edition


---------------------
; Table of Contents ;
---------------------
  1. Legal Notice
  2. Analysis & Synthesis Summary
  3. Analysis & Synthesis Settings
  4. Parallel Compilation
  5. Analysis & Synthesis Source Files Read
  6. Analysis & Synthesis Resource Usage Summary
  7. Analysis & Synthesis Resource Utilization by Entity
  8. General Register Statistics
  9. Inverted Register Statistics
 10. Port Connectivity Checks: "count:p"
 11. Port Connectivity Checks: "countDown0:cd0"
 12. Post-Synthesis Netlist Statistics for Top Partition
 13. Elapsed Time Per Partition
 14. Analysis & Synthesis Messages



----------------
; Legal Notice ;
----------------
Copyright (C) 2017  Intel Corporation. All rights reserved.
Your use of Intel Corporation's design tools, logic functions 
and other software and tools, and its AMPP partner logic 
functions, and any output files from any of the foregoing 
(including device programming or simulation files), and any 
associated documentation or information are expressly subject 
to the terms and conditions of the Intel Program License 
Subscription Agreement, the Intel Quartus Prime License Agreement,
the Intel MegaCore Function License Agreement, or other 
applicable license agreement, including, without limitation, 
that your use is for the sole purpose of programming logic 
devices manufactured by Intel and sold by Intel or its 
authorized distributors.  Please refer to the applicable 
agreement for further details.



+-------------------------------------------------------------------------------+
; Analysis & Synthesis Summary                                                  ;
+---------------------------------+---------------------------------------------+
; Analysis & Synthesis Status     ; Successful - Wed Feb 14 17:17:44 2018       ;
; Quartus Prime Version           ; 17.0.0 Build 595 04/25/2017 SJ Lite Edition ;
; Revision Name                   ; Part2                                       ;
; Top-level Entity Name           ; Part2                                       ;
; Family                          ; Cyclone V                                   ;
; Logic utilization (in ALMs)     ; N/A                                         ;
; Total registers                 ; 95                                          ;
; Total pins                      ; 18                                          ;
; Total virtual pins              ; 0                                           ;
; Total block memory bits         ; 0                                           ;
; Total DSP Blocks                ; 0                                           ;
; Total HSSI RX PCSs              ; 0                                           ;
; Total HSSI PMA RX Deserializers ; 0                                           ;
; Total HSSI TX PCSs              ; 0                                           ;
; Total HSSI PMA TX Serializers   ; 0                                           ;
; Total PLLs                      ; 0                                           ;
; Total DLLs                      ; 0                                           ;
+---------------------------------+---------------------------------------------+


+---------------------------------------------------------------------------------------------------------------------------+
; Analysis & Synthesis Settings                                                                                             ;
+---------------------------------------------------------------------------------+--------------------+--------------------+
; Option                                                                          ; Setting            ; Default Value      ;
+---------------------------------------------------------------------------------+--------------------+--------------------+
; Device                                                                          ; 5CSEMA5F31C6       ;                    ;
; Top-level entity name                                                           ; Part2              ; Part2              ;
; Family name                                                                     ; Cyclone V          ; Cyclone V          ;
; Use smart compilation                                                           ; Off                ; Off                ;
; Enable parallel Assembler and TimeQuest Timing Analyzer during compilation      ; On                 ; On                 ;
; Enable compact report table                                                     ; Off                ; Off                ;
; Restructure Multiplexers                                                        ; Auto               ; Auto               ;
; MLAB Add Timing Constraints For Mixed-Port Feed-Through Mode Setting Don't Care ; Off                ; Off                ;
; Create Debugging Nodes for IP Cores                                             ; Off                ; Off                ;
; Preserve fewer node names                                                       ; On                 ; On                 ;
; OpenCore Plus hardware evaluation                                               ; Enable             ; Enable             ;
; Verilog Version                                                                 ; Verilog_2001       ; Verilog_2001       ;
; VHDL Version                                                                    ; VHDL_1993          ; VHDL_1993          ;
; State Machine Processing                                                        ; Auto               ; Auto               ;
; Safe State Machine                                                              ; Off                ; Off                ;
; Extract Verilog State Machines                                                  ; On                 ; On                 ;
; Extract VHDL State Machines                                                     ; On                 ; On                 ;
; Ignore Verilog initial constructs                                               ; Off                ; Off                ;
; Iteration limit for constant Verilog loops                                      ; 5000               ; 5000               ;
; Iteration limit for non-constant Verilog loops                                  ; 250                ; 250                ;
; Add Pass-Through Logic to Inferred RAMs                                         ; On                 ; On                 ;
; Infer RAMs from Raw Logic                                                       ; On                 ; On                 ;
; Parallel Synthesis                                                              ; On                 ; On                 ;
; DSP Block Balancing                                                             ; Auto               ; Auto               ;
; NOT Gate Push-Back                                                              ; On                 ; On                 ;
; Power-Up Don't Care                                                             ; On                 ; On                 ;
; Remove Redundant Logic Cells                                                    ; Off                ; Off                ;
; Remove Duplicate Registers                                                      ; On                 ; On                 ;
; Ignore CARRY Buffers                                                            ; Off                ; Off                ;
; Ignore CASCADE Buffers                                                          ; Off                ; Off                ;
; Ignore GLOBAL Buffers                                                           ; Off                ; Off                ;
; Ignore ROW GLOBAL Buffers                                                       ; Off                ; Off                ;
; Ignore LCELL Buffers                                                            ; Off                ; Off                ;
; Ignore SOFT Buffers                                                             ; On                 ; On                 ;
; Limit AHDL Integers to 32 Bits                                                  ; Off                ; Off                ;
; Optimization Technique                                                          ; Balanced           ; Balanced           ;
; Carry Chain Length                                                              ; 70                 ; 70                 ;
; Auto Carry Chains                                                               ; On                 ; On                 ;
; Auto Open-Drain Pins                                                            ; On                 ; On                 ;
; Perform WYSIWYG Primitive Resynthesis                                           ; Off                ; Off                ;
; Auto ROM Replacement                                                            ; On                 ; On                 ;
; Auto RAM Replacement                                                            ; On                 ; On                 ;
; Auto DSP Block Replacement                                                      ; On                 ; On                 ;
; Auto Shift Register Replacement                                                 ; Auto               ; Auto               ;
; Allow Shift Register Merging across Hierarchies                                 ; Auto               ; Auto               ;
; Auto Clock Enable Replacement                                                   ; On                 ; On                 ;
; Strict RAM Replacement                                                          ; Off                ; Off                ;
; Allow Synchronous Control Signals                                               ; On                 ; On                 ;
; Force Use of Synchronous Clear Signals                                          ; Off                ; Off                ;
; Auto Resource Sharing                                                           ; Off                ; Off                ;
; Allow Any RAM Size For Recognition                                              ; Off                ; Off                ;
; Allow Any ROM Size For Recognition                                              ; Off                ; Off                ;
; Allow Any Shift Register Size For Recognition                                   ; Off                ; Off                ;
; Use LogicLock Constraints during Resource Balancing                             ; On                 ; On                 ;
; Ignore translate_off and synthesis_off directives                               ; Off                ; Off                ;
; Timing-Driven Synthesis                                                         ; On                 ; On                 ;
; Report Parameter Settings                                                       ; On                 ; On                 ;
; Report Source Assignments                                                       ; On                 ; On                 ;
; Report Connectivity Checks                                                      ; On                 ; On                 ;
; Ignore Maximum Fan-Out Assignments                                              ; Off                ; Off                ;
; Synchronization Register Chain Length                                           ; 3                  ; 3                  ;
; PowerPlay Power Optimization During Synthesis                                   ; Normal compilation ; Normal compilation ;
; HDL message level                                                               ; Level2             ; Level2             ;
; Suppress Register Optimization Related Messages                                 ; Off                ; Off                ;
; Number of Removed Registers Reported in Synthesis Report                        ; 5000               ; 5000               ;
; Number of Swept Nodes Reported in Synthesis Report                              ; 5000               ; 5000               ;
; Number of Inverted Registers Reported in Synthesis Report                       ; 100                ; 100                ;
; Clock MUX Protection                                                            ; On                 ; On                 ;
; Auto Gated Clock Conversion                                                     ; Off                ; Off                ;
; Block Design Naming                                                             ; Auto               ; Auto               ;
; SDC constraint protection                                                       ; Off                ; Off                ;
; Synthesis Effort                                                                ; Auto               ; Auto               ;
; Shift Register Replacement - Allow Asynchronous Clear Signal                    ; On                 ; On                 ;
; Pre-Mapping Resynthesis Optimization                                            ; Off                ; Off                ;
; Analysis & Synthesis Message Level                                              ; Medium             ; Medium             ;
; Disable Register Merging Across Hierarchies                                     ; Auto               ; Auto               ;
; Resource Aware Inference For Block RAM                                          ; On                 ; On                 ;
; Automatic Parallel Synthesis                                                    ; On                 ; On                 ;
; Partial Reconfiguration Bitstream ID                                            ; Off                ; Off                ;
+---------------------------------------------------------------------------------+--------------------+--------------------+


+------------------------------------------+
; Parallel Compilation                     ;
+----------------------------+-------------+
; Processors                 ; Number      ;
+----------------------------+-------------+
; Number detected on machine ; 4           ;
; Maximum allowed            ; 4           ;
;                            ;             ;
; Average used               ; 1.00        ;
; Maximum used               ; 4           ;
;                            ;             ;
; Usage by Processor         ; % Time Used ;
;     Processor 1            ; 100.0%      ;
;     Processor 2            ;   0.0%      ;
;     Processors 3-4         ;   0.0%      ;
+----------------------------+-------------+


+-------------------------------------------------------------------------------------------------------------------------------------------------+
; Analysis & Synthesis Source Files Read                                                                                                          ;
+----------------------------------+-----------------+------------------------+---------------------------------------------------------+---------+
; File Name with User-Entered Path ; Used in Netlist ; File Type              ; File Name with Absolute Path                            ; Library ;
+----------------------------------+-----------------+------------------------+---------------------------------------------------------+---------+
; Part2/Part2.v                    ; yes             ; User Verilog HDL File  ; /h/u4/c6/05/zengrun1/Desktop/CSC258/Lab 5/Part2/Part2.v ;         ;
+----------------------------------+-----------------+------------------------+---------------------------------------------------------+---------+


+--------------------------------------------------------------+
; Analysis & Synthesis Resource Usage Summary                  ;
+---------------------------------------------+----------------+
; Resource                                    ; Usage          ;
+---------------------------------------------+----------------+
; Estimate of Logic utilization (ALMs needed) ; 98             ;
;                                             ;                ;
; Combinational ALUT usage for logic          ; 182            ;
;     -- 7 input functions                    ; 0              ;
;     -- 6 input functions                    ; 13             ;
;     -- 5 input functions                    ; 40             ;
;     -- 4 input functions                    ; 11             ;
;     -- <=3 input functions                  ; 118            ;
;                                             ;                ;
; Dedicated logic registers                   ; 95             ;
;                                             ;                ;
; I/O pins                                    ; 18             ;
;                                             ;                ;
; Total DSP Blocks                            ; 0              ;
;                                             ;                ;
; Maximum fan-out node                        ; CLOCK_50~input ;
; Maximum fan-out                             ; 96             ;
; Total fan-out                               ; 817            ;
; Average fan-out                             ; 2.61           ;
+---------------------------------------------+----------------+


+--------------------------------------------------------------------------------------------------------------------------------------------------------------------------------------------------+
; Analysis & Synthesis Resource Utilization by Entity                                                                                                                                              ;
+----------------------------+---------------------+---------------------------+-------------------+------------+------+--------------+-------------------------------+-------------+--------------+
; Compilation Hierarchy Node ; Combinational ALUTs ; Dedicated Logic Registers ; Block Memory Bits ; DSP Blocks ; Pins ; Virtual Pins ; Full Hierarchy Name           ; Entity Name ; Library Name ;
+----------------------------+---------------------+---------------------------+-------------------+------------+------+--------------+-------------------------------+-------------+--------------+
; |Part2                     ; 182 (0)             ; 95 (0)                    ; 0                 ; 0          ; 18   ; 0            ; |Part2                        ; Part2       ; work         ;
;    |count:p|               ; 15 (8)              ; 8 (8)                     ; 0                 ; 0          ; 0    ; 0            ; |Part2|count:p                ; count       ; work         ;
;       |hex_decoder:ok|     ; 7 (7)               ; 0 (0)                     ; 0                 ; 0          ; 0    ; 0            ; |Part2|count:p|hex_decoder:ok ; hex_decoder ; work         ;
;    |countDown1:cd1|        ; 55 (55)             ; 29 (29)                   ; 0                 ; 0          ; 0    ; 0            ; |Part2|countDown1:cd1         ; countDown1  ; work         ;
;    |countDown2:cd2|        ; 55 (55)             ; 29 (29)                   ; 0                 ; 0          ; 0    ; 0            ; |Part2|countDown2:cd2         ; countDown2  ; work         ;
;    |countDown3:cd3|        ; 56 (56)             ; 29 (29)                   ; 0                 ; 0          ; 0    ; 0            ; |Part2|countDown3:cd3         ; countDown3  ; work         ;
;    |mux:m|                 ; 1 (1)               ; 0 (0)                     ; 0                 ; 0          ; 0    ; 0            ; |Part2|mux:m                  ; mux         ; work         ;
+----------------------------+---------------------+---------------------------+-------------------+------------+------+--------------+-------------------------------+-------------+--------------+
Note: For table entries with two numbers listed, the numbers in parentheses indicate the number of resources of the given type used by the specific entity alone. The numbers listed outside of parentheses indicate the total resources of the given type used by the specific entity and all of its sub-entities in the hierarchy.


+------------------------------------------------------+
; General Register Statistics                          ;
+----------------------------------------------+-------+
; Statistic                                    ; Value ;
+----------------------------------------------+-------+
; Total registers                              ; 95    ;
; Number of registers using Synchronous Clear  ; 30    ;
; Number of registers using Synchronous Load   ; 0     ;
; Number of registers using Asynchronous Clear ; 0     ;
; Number of registers using Asynchronous Load  ; 0     ;
; Number of registers using Clock Enable       ; 8     ;
; Number of registers using Preset             ; 0     ;
+----------------------------------------------+-------+


+---------------------------------------------------+
; Inverted Register Statistics                      ;
+-----------------------------------------+---------+
; Inverted Register                       ; Fan out ;
+-----------------------------------------+---------+
; countDown2:cd2|total[20]                ; 2       ;
; countDown2:cd2|total[21]                ; 2       ;
; countDown2:cd2|total[22]                ; 2       ;
; countDown2:cd2|total[23]                ; 2       ;
; countDown2:cd2|total[24]                ; 2       ;
; countDown2:cd2|total[26]                ; 2       ;
; countDown2:cd2|total[1]                 ; 2       ;
; countDown2:cd2|total[2]                 ; 2       ;
; countDown2:cd2|total[3]                 ; 2       ;
; countDown2:cd2|total[4]                 ; 2       ;
; countDown2:cd2|total[5]                 ; 2       ;
; countDown2:cd2|total[6]                 ; 2       ;
; countDown2:cd2|total[7]                 ; 2       ;
; countDown2:cd2|total[13]                ; 2       ;
; countDown2:cd2|total[14]                ; 2       ;
; countDown2:cd2|total[15]                ; 2       ;
; countDown2:cd2|total[16]                ; 2       ;
; countDown2:cd2|total[18]                ; 2       ;
; countDown1:cd1|total[20]                ; 3       ;
; countDown1:cd1|total[21]                ; 3       ;
; countDown1:cd1|total[22]                ; 3       ;
; countDown1:cd1|total[23]                ; 3       ;
; countDown1:cd1|total[25]                ; 3       ;
; countDown1:cd1|total[1]                 ; 2       ;
; countDown1:cd1|total[2]                 ; 2       ;
; countDown1:cd1|total[3]                 ; 2       ;
; countDown1:cd1|total[4]                 ; 2       ;
; countDown1:cd1|total[5]                 ; 2       ;
; countDown1:cd1|total[6]                 ; 2       ;
; countDown1:cd1|total[12]                ; 2       ;
; countDown1:cd1|total[13]                ; 2       ;
; countDown1:cd1|total[14]                ; 2       ;
; countDown1:cd1|total[15]                ; 2       ;
; countDown1:cd1|total[17]                ; 2       ;
; countDown1:cd1|total[19]                ; 2       ;
; countDown3:cd3|total[27]                ; 2       ;
; countDown3:cd3|total[19]                ; 2       ;
; countDown3:cd3|total[21]                ; 2       ;
; countDown3:cd3|total[22]                ; 2       ;
; countDown3:cd3|total[23]                ; 2       ;
; countDown3:cd3|total[24]                ; 2       ;
; countDown3:cd3|total[25]                ; 2       ;
; countDown3:cd3|total[1]                 ; 2       ;
; countDown3:cd3|total[2]                 ; 2       ;
; countDown3:cd3|total[3]                 ; 2       ;
; countDown3:cd3|total[4]                 ; 2       ;
; countDown3:cd3|total[5]                 ; 2       ;
; countDown3:cd3|total[6]                 ; 2       ;
; countDown3:cd3|total[7]                 ; 2       ;
; countDown3:cd3|total[8]                 ; 2       ;
; countDown3:cd3|total[14]                ; 2       ;
; countDown3:cd3|total[15]                ; 2       ;
; countDown3:cd3|total[16]                ; 2       ;
; countDown3:cd3|total[17]                ; 2       ;
; countDown2:cd2|total[0]                 ; 1       ;
; countDown1:cd1|total[0]                 ; 1       ;
; countDown3:cd3|total[0]                 ; 1       ;
; Total number of inverted registers = 57 ;         ;
+-----------------------------------------+---------+


+---------------------------------------------------------------------------------------------------------------------------------------------------+
; Port Connectivity Checks: "count:p"                                                                                                               ;
+------+--------+----------+------------------------------------------------------------------------------------------------------------------------+
; Port ; Type   ; Severity ; Details                                                                                                                ;
+------+--------+----------+------------------------------------------------------------------------------------------------------------------------+
; out  ; Output ; Warning  ; Output or bidir port (8 bits) is wider than the port expression (1 bits) it drives; bit(s) "out[7..1]" have no fanouts ;
; out  ; Output ; Info     ; Connected to dangling logic. Logic that only feeds a dangling port will be removed.                                    ;
+------+--------+----------+------------------------------------------------------------------------------------------------------------------------+


+--------------------------------------------------------------------------------------------------------------------------------------------------------+
; Port Connectivity Checks: "countDown0:cd0"                                                                                                             ;
+-------+--------+----------+----------------------------------------------------------------------------------------------------------------------------+
; Port  ; Type   ; Severity ; Details                                                                                                                    ;
+-------+--------+----------+----------------------------------------------------------------------------------------------------------------------------+
; total ; Output ; Warning  ; Output or bidir port (29 bits) is wider than the port expression (1 bits) it drives; bit(s) "total[28..1]" have no fanouts ;
+-------+--------+----------+----------------------------------------------------------------------------------------------------------------------------+


+-----------------------------------------------------+
; Post-Synthesis Netlist Statistics for Top Partition ;
+-----------------------+-----------------------------+
; Type                  ; Count                       ;
+-----------------------+-----------------------------+
; arriav_ff             ; 95                          ;
;     ENA               ; 8                           ;
;     SCLR              ; 30                          ;
;     plain             ; 57                          ;
; arriav_lcell_comb     ; 183                         ;
;     arith             ; 94                          ;
;         1 data inputs ; 93                          ;
;         2 data inputs ; 1                           ;
;     normal            ; 89                          ;
;         1 data inputs ; 2                           ;
;         2 data inputs ; 21                          ;
;         3 data inputs ; 2                           ;
;         4 data inputs ; 11                          ;
;         5 data inputs ; 40                          ;
;         6 data inputs ; 13                          ;
; boundary_port         ; 18                          ;
;                       ;                             ;
; Max LUT depth         ; 4.70                        ;
; Average LUT depth     ; 3.41                        ;
+-----------------------+-----------------------------+


+-------------------------------+
; Elapsed Time Per Partition    ;
+----------------+--------------+
; Partition Name ; Elapsed Time ;
+----------------+--------------+
; Top            ; 00:00:00     ;
+----------------+--------------+


+-------------------------------+
; Analysis & Synthesis Messages ;
+-------------------------------+
Info: *******************************************************************
Info: Running Quartus Prime Analysis & Synthesis
    Info: Version 17.0.0 Build 595 04/25/2017 SJ Lite Edition
    Info: Processing started: Wed Feb 14 17:17:30 2018
Info: Command: quartus_map --read_settings_files=on --write_settings_files=off Part2 -c Part2
Warning (18236): Number of processors has not been specified which may cause overloading on shared machines.  Set the global assignment NUM_PARALLEL_PROCESSORS in your QSF to an appropriate value for best performance.
Info (20030): Parallel compilation is enabled and will use 4 of the 4 processors detected
Warning (12090): Entity "mux" obtained from "Part2/Part2.v" instead of from Quartus Prime megafunction library File: /h/u4/c6/05/zengrun1/Desktop/CSC258/Lab 5/Part2/Part2.v Line: 178
Info (12021): Found 8 design units, including 8 entities, in source file Part2/Part2.v
    Info (12023): Found entity 1: Part2 File: /h/u4/c6/05/zengrun1/Desktop/CSC258/Lab 5/Part2/Part2.v Line: 1
    Info (12023): Found entity 2: countDown0 File: /h/u4/c6/05/zengrun1/Desktop/CSC258/Lab 5/Part2/Part2.v Line: 51
    Info (12023): Found entity 3: countDown1 File: /h/u4/c6/05/zengrun1/Desktop/CSC258/Lab 5/Part2/Part2.v Line: 66
    Info (12023): Found entity 4: countDown2 File: /h/u4/c6/05/zengrun1/Desktop/CSC258/Lab 5/Part2/Part2.v Line: 97
    Info (12023): Found entity 5: countDown3 File: /h/u4/c6/05/zengrun1/Desktop/CSC258/Lab 5/Part2/Part2.v Line: 128
    Info (12023): Found entity 6: count File: /h/u4/c6/05/zengrun1/Desktop/CSC258/Lab 5/Part2/Part2.v Line: 159
    Info (12023): Found entity 7: mux File: /h/u4/c6/05/zengrun1/Desktop/CSC258/Lab 5/Part2/Part2.v Line: 178
    Info (12023): Found entity 8: hex_decoder File: /h/u4/c6/05/zengrun1/Desktop/CSC258/Lab 5/Part2/Part2.v Line: 196
Warning (12019): Can't analyze file -- file Part2/try2.v is missing
Warning (12019): Can't analyze file -- file Part2/main.v is missing
Info (12127): Elaborating entity "Part2" for the top level hierarchy
Info (12128): Elaborating entity "mux" for hierarchy "mux:m" File: /h/u4/c6/05/zengrun1/Desktop/CSC258/Lab 5/Part2/Part2.v Line: 16
Info (12128): Elaborating entity "countDown0" for hierarchy "countDown0:cd0" File: /h/u4/c6/05/zengrun1/Desktop/CSC258/Lab 5/Part2/Part2.v Line: 21
Info (12128): Elaborating entity "countDown1" for hierarchy "countDown1:cd1" File: /h/u4/c6/05/zengrun1/Desktop/CSC258/Lab 5/Part2/Part2.v Line: 26
Info (12128): Elaborating entity "countDown2" for hierarchy "countDown2:cd2" File: /h/u4/c6/05/zengrun1/Desktop/CSC258/Lab 5/Part2/Part2.v Line: 31
Info (12128): Elaborating entity "countDown3" for hierarchy "countDown3:cd3" File: /h/u4/c6/05/zengrun1/Desktop/CSC258/Lab 5/Part2/Part2.v Line: 36
Info (12128): Elaborating entity "count" for hierarchy "count:p" File: /h/u4/c6/05/zengrun1/Desktop/CSC258/Lab 5/Part2/Part2.v Line: 45
Info (12128): Elaborating entity "hex_decoder" for hierarchy "count:p|hex_decoder:ok" File: /h/u4/c6/05/zengrun1/Desktop/CSC258/Lab 5/Part2/Part2.v Line: 174
Warning (12241): 2 hierarchies have connectivity warnings - see the Connectivity Checks report folder
Info (286030): Timing-Driven Synthesis is running
Info (16010): Generating hard_block partition "hard_block:auto_generated_inst"
    Info (16011): Adding 0 node(s), including 0 DDIO, 0 PLL, 0 transceiver and 0 LCELL
Info (21057): Implemented 200 device resources after synthesis - the final resource count might be different
    Info (21058): Implemented 3 input pins
    Info (21059): Implemented 15 output pins
    Info (21061): Implemented 182 logic cells
Info: Quartus Prime Analysis & Synthesis was successful. 0 errors, 5 warnings
    Info: Peak virtual memory: 1048 megabytes
    Info: Processing ended: Wed Feb 14 17:17:44 2018
    Info: Elapsed time: 00:00:14
    Info: Total CPU time (on all processors): 00:00:21


